Building DAG of jobs...
candidate job all
    wildcards: 
candidate job refine_tree
    wildcards: gene=GES
candidate job run_fasttree
    wildcards: gene=GES
candidate job align_gene
    wildcards: gene=GES
candidate job extract_gene
    wildcards: gene=GES
selected job extract_gene
    wildcards: gene=GES
file fasta/GES.fa:
    Producer found, hence exceptions are ignored.

selected job align_gene
    wildcards: gene=GES
file alns/GES.aln:
    Producer found, hence exceptions are ignored.

selected job run_fasttree
    wildcards: gene=GES
file trees/GES.tre:
    Producer found, hence exceptions are ignored.

selected job refine_tree
    wildcards: gene=GES
file refined-trees/GES.tre:
    Producer found, hence exceptions are ignored.

candidate job refine_tree
    wildcards: gene=CTX-M
candidate job run_fasttree
    wildcards: gene=CTX-M
candidate job align_gene
    wildcards: gene=CTX-M
candidate job extract_gene
    wildcards: gene=CTX-M
selected job extract_gene
    wildcards: gene=CTX-M
file fasta/CTX-M.fa:
    Producer found, hence exceptions are ignored.

selected job align_gene
    wildcards: gene=CTX-M
file alns/CTX-M.aln:
    Producer found, hence exceptions are ignored.

selected job run_fasttree
    wildcards: gene=CTX-M
file trees/CTX-M.tre:
    Producer found, hence exceptions are ignored.

selected job refine_tree
    wildcards: gene=CTX-M
file refined-trees/CTX-M.tre:
    Producer found, hence exceptions are ignored.

candidate job refine_tree
    wildcards: gene=SHV
candidate job run_fasttree
    wildcards: gene=SHV
candidate job align_gene
    wildcards: gene=SHV
candidate job extract_gene
    wildcards: gene=SHV
selected job extract_gene
    wildcards: gene=SHV
file fasta/SHV.fa:
    Producer found, hence exceptions are ignored.

selected job align_gene
    wildcards: gene=SHV
file alns/SHV.aln:
    Producer found, hence exceptions are ignored.

selected job run_fasttree
    wildcards: gene=SHV
file trees/SHV.tre:
    Producer found, hence exceptions are ignored.

selected job refine_tree
    wildcards: gene=SHV
file refined-trees/SHV.tre:
    Producer found, hence exceptions are ignored.

selected job all
    wildcards: 
file None:
    Producer found, hence exceptions are ignored.

Using shell: /bin/bash
Provided cores: 1 (use --cores to define parallelism)
Rules claiming more threads will be scaled down.
Job stats:
job             count    min threads    max threads
------------  -------  -------------  -------------
align_gene          3              1              1
all                 1              1              1
refine_tree         3              1              1
run_fasttree        3              1              1
total              10              1              1

Select jobs to execute...

[Wed Feb 22 11:17:11 2023]
rule align_gene:
    input: fasta/CTX-M.fa
    output: alns/CTX-M.aln
    jobid: 7
    reason: Missing output files: alns/CTX-M.aln
    wildcards: gene=CTX-M
    resources: tmpdir=/var/folders/0l/xw463hyd355gswf5590vdd6c0000gr/T

Terminating processes on user request, this might take some time.
[Wed Feb 22 11:17:19 2023]
Error in rule align_gene:
    jobid: 7
    input: fasta/CTX-M.fa
    output: alns/CTX-M.aln
    shell:
        mafft --auto fasta/CTX-M.fa > alns/CTX-M.aln
        (one of the commands exited with non-zero exit code; note that snakemake uses bash strict mode!)

Complete log: .snakemake/log/2023-02-22T111711.051685.snakemake.log
