Building DAG of jobs...
candidate job all
    wildcards: 
candidate job align_gene
    wildcards: gene=GES
candidate job extract_gene
    wildcards: gene=GES
selected job extract_gene
    wildcards: gene=GES
file fasta/GES.fa:
    Producer found, hence exceptions are ignored.

selected job align_gene
    wildcards: gene=GES
file fasta/GES.aln:
    Producer found, hence exceptions are ignored.

candidate job align_gene
    wildcards: gene=CTX-M
candidate job extract_gene
    wildcards: gene=CTX-M
selected job extract_gene
    wildcards: gene=CTX-M
file fasta/CTX-M.fa:
    Producer found, hence exceptions are ignored.

selected job align_gene
    wildcards: gene=CTX-M
file fasta/CTX-M.aln:
    Producer found, hence exceptions are ignored.

candidate job align_gene
    wildcards: gene=SHV
candidate job extract_gene
    wildcards: gene=SHV
selected job extract_gene
    wildcards: gene=SHV
file fasta/SHV.fa:
    Producer found, hence exceptions are ignored.

selected job align_gene
    wildcards: gene=SHV
file fasta/SHV.aln:
    Producer found, hence exceptions are ignored.

selected job all
    wildcards: 
file None:
    Producer found, hence exceptions are ignored.

Nothing to be done (all requested files are present and up to date).
Complete log: .snakemake/log/2023-02-22T111304.409960.snakemake.log
