Building DAG of jobs...
Using shell: /bin/bash
Provided cores: 1 (use --cores to define parallelism)
Rules claiming more threads will be scaled down.
Job stats:
job             count    min threads    max threads
------------  -------  -------------  -------------
align_gene          3              1              1
all                 1              1              1
refine_tree         3              1              1
run_fasttree        3              1              1
total              10              1              1

Select jobs to execute...

[Wed Feb 22 11:17:42 2023]
rule align_gene:
    input: fasta/CTX-M.fa
    output: alns/CTX-M.aln
    jobid: 7
    reason: Forced execution
    wildcards: gene=CTX-M
    resources: tmpdir=/var/folders/0l/xw463hyd355gswf5590vdd6c0000gr/T

[Wed Feb 22 11:17:54 2023]
Finished job 7.
1 of 10 steps (10%) done
Select jobs to execute...

[Wed Feb 22 11:17:54 2023]
rule run_fasttree:
    input: alns/CTX-M.aln
    output: trees/CTX-M.tre
    jobid: 6
    reason: Input files updated by another job: alns/CTX-M.aln
    wildcards: gene=CTX-M
    resources: tmpdir=/var/folders/0l/xw463hyd355gswf5590vdd6c0000gr/T

[Wed Feb 22 11:18:01 2023]
Finished job 6.
2 of 10 steps (20%) done
Select jobs to execute...

[Wed Feb 22 11:18:01 2023]
rule refine_tree:
    input: trees/CTX-M.tre, fasta/CTX-M.aln
    output: refined-trees/CTX-M.tre
    jobid: 5
    reason: Input files updated by another job: trees/CTX-M.tre
    wildcards: gene=CTX-M
    resources: tmpdir=/var/folders/0l/xw463hyd355gswf5590vdd6c0000gr/T

[Wed Feb 22 11:18:06 2023]
Finished job 5.
3 of 10 steps (30%) done
Select jobs to execute...

[Wed Feb 22 11:18:06 2023]
rule align_gene:
    input: fasta/SHV.fa
    output: alns/SHV.aln
    jobid: 11
    reason: Missing output files: alns/SHV.aln
    wildcards: gene=SHV
    resources: tmpdir=/var/folders/0l/xw463hyd355gswf5590vdd6c0000gr/T

[Wed Feb 22 11:18:12 2023]
Finished job 11.
4 of 10 steps (40%) done
Select jobs to execute...

[Wed Feb 22 11:18:12 2023]
rule run_fasttree:
    input: alns/SHV.aln
    output: trees/SHV.tre
    jobid: 10
    reason: Input files updated by another job: alns/SHV.aln; Set of input files has changed since last execution
    wildcards: gene=SHV
    resources: tmpdir=/var/folders/0l/xw463hyd355gswf5590vdd6c0000gr/T

[Wed Feb 22 11:18:17 2023]
Finished job 10.
5 of 10 steps (50%) done
Select jobs to execute...

[Wed Feb 22 11:18:17 2023]
rule refine_tree:
    input: trees/SHV.tre, fasta/SHV.aln
    output: refined-trees/SHV.tre
    jobid: 9
    reason: Input files updated by another job: trees/SHV.tre
    wildcards: gene=SHV
    resources: tmpdir=/var/folders/0l/xw463hyd355gswf5590vdd6c0000gr/T

[Wed Feb 22 11:18:19 2023]
Finished job 9.
6 of 10 steps (60%) done
Select jobs to execute...

[Wed Feb 22 11:18:19 2023]
rule align_gene:
    input: fasta/GES.fa
    output: alns/GES.aln
    jobid: 3
    reason: Missing output files: alns/GES.aln
    wildcards: gene=GES
    resources: tmpdir=/var/folders/0l/xw463hyd355gswf5590vdd6c0000gr/T

[Wed Feb 22 11:18:31 2023]
Finished job 3.
7 of 10 steps (70%) done
Select jobs to execute...

[Wed Feb 22 11:18:31 2023]
rule run_fasttree:
    input: alns/GES.aln
    output: trees/GES.tre
    jobid: 2
    reason: Input files updated by another job: alns/GES.aln; Set of input files has changed since last execution
    wildcards: gene=GES
    resources: tmpdir=/var/folders/0l/xw463hyd355gswf5590vdd6c0000gr/T

[Wed Feb 22 11:18:33 2023]
Finished job 2.
8 of 10 steps (80%) done
Select jobs to execute...

[Wed Feb 22 11:18:33 2023]
rule refine_tree:
    input: trees/GES.tre, fasta/GES.aln
    output: refined-trees/GES.tre
    jobid: 1
    reason: Input files updated by another job: trees/GES.tre
    wildcards: gene=GES
    resources: tmpdir=/var/folders/0l/xw463hyd355gswf5590vdd6c0000gr/T

[Wed Feb 22 11:18:34 2023]
Finished job 1.
9 of 10 steps (90%) done
Select jobs to execute...

[Wed Feb 22 11:18:34 2023]
localrule all:
    input: refined-trees/GES.tre, refined-trees/CTX-M.tre, refined-trees/SHV.tre
    jobid: 0
    reason: Input files updated by another job: refined-trees/GES.tre, refined-trees/CTX-M.tre, refined-trees/SHV.tre
    resources: tmpdir=/var/folders/0l/xw463hyd355gswf5590vdd6c0000gr/T

[Wed Feb 22 11:18:34 2023]
Finished job 0.
10 of 10 steps (100%) done
Complete log: .snakemake/log/2023-02-22T111741.563697.snakemake.log
