Building DAG of jobs...
Using shell: /bin/bash
Provided cores: 1 (use --cores to define parallelism)
Rules claiming more threads will be scaled down.
Job stats:
job             count    min threads    max threads
------------  -------  -------------  -------------
align_gene          1              1              1
all                 1              1              1
extract_gene        1              1              1
plot_tree           1              1              1
refine_tree         1              1              1
run_fasttree        1              1              1
total               6              1              1

Select jobs to execute...

[Wed Feb 22 11:34:15 2023]
rule extract_gene:
    input: data/NCBI_bl.fa
    output: fasta/CMY.fa
    jobid: 5
    reason: Missing output files: fasta/CMY.fa
    wildcards: gene=CMY
    resources: tmpdir=/var/folders/0l/xw463hyd355gswf5590vdd6c0000gr/T

[Wed Feb 22 11:34:16 2023]
Finished job 5.
1 of 6 steps (17%) done
Select jobs to execute...

[Wed Feb 22 11:34:16 2023]
rule align_gene:
    input: fasta/CMY.fa
    output: alns/CMY.aln
    jobid: 4
    reason: Missing output files: alns/CMY.aln; Input files updated by another job: fasta/CMY.fa
    wildcards: gene=CMY
    resources: tmpdir=/var/folders/0l/xw463hyd355gswf5590vdd6c0000gr/T

[Wed Feb 22 11:34:24 2023]
Finished job 4.
2 of 6 steps (33%) done
Select jobs to execute...

[Wed Feb 22 11:34:24 2023]
rule run_fasttree:
    input: alns/CMY.aln
    output: trees/CMY.tre
    jobid: 3
    reason: Missing output files: trees/CMY.tre; Input files updated by another job: alns/CMY.aln
    wildcards: gene=CMY
    resources: tmpdir=/var/folders/0l/xw463hyd355gswf5590vdd6c0000gr/T

[Wed Feb 22 11:34:30 2023]
Finished job 3.
3 of 6 steps (50%) done
Select jobs to execute...

[Wed Feb 22 11:34:30 2023]
rule refine_tree:
    input: trees/CMY.tre, alns/CMY.aln
    output: refined-trees/CMY.tre
    jobid: 2
    reason: Missing output files: refined-trees/CMY.tre; Input files updated by another job: trees/CMY.tre, alns/CMY.aln
    wildcards: gene=CMY
    resources: tmpdir=/var/folders/0l/xw463hyd355gswf5590vdd6c0000gr/T

[Wed Feb 22 11:34:33 2023]
Finished job 2.
4 of 6 steps (67%) done
Select jobs to execute...

[Wed Feb 22 11:34:33 2023]
rule plot_tree:
    input: refined-trees/CMY.tre
    output: plots/CMY.pdf
    jobid: 1
    reason: Missing output files: plots/CMY.pdf; Input files updated by another job: refined-trees/CMY.tre
    wildcards: gene=CMY
    resources: tmpdir=/var/folders/0l/xw463hyd355gswf5590vdd6c0000gr/T

[Wed Feb 22 11:34:35 2023]
Finished job 1.
5 of 6 steps (83%) done
Select jobs to execute...

[Wed Feb 22 11:34:35 2023]
localrule all:
    input: plots/CMY.pdf
    jobid: 0
    reason: Input files updated by another job: plots/CMY.pdf
    resources: tmpdir=/var/folders/0l/xw463hyd355gswf5590vdd6c0000gr/T

[Wed Feb 22 11:34:35 2023]
Finished job 0.
6 of 6 steps (100%) done
Complete log: .snakemake/log/2023-02-22T113415.070837.snakemake.log
