Building DAG of jobs...
candidate job all
    wildcards: 
candidate job run_fasttree
    wildcards: gene=GES_refined
candidate job align_gene
    wildcards: gene=GES_refined
candidate job extract_gene
    wildcards: gene=GES_refined
selected job extract_gene
    wildcards: gene=GES_refined
file fasta/GES_refined.fa:
    Producer found, hence exceptions are ignored.

selected job align_gene
    wildcards: gene=GES_refined
file fasta/GES_refined.aln:
    Producer found, hence exceptions are ignored.

candidate job refine_tree
    wildcards: gene=GES
candidate job run_fasttree
    wildcards: gene=GES
candidate job align_gene
    wildcards: gene=GES
candidate job extract_gene
    wildcards: gene=GES
selected job extract_gene
    wildcards: gene=GES
file fasta/GES.fa:
    Producer found, hence exceptions are ignored.

selected job align_gene
    wildcards: gene=GES
file fasta/GES.aln:
    Producer found, hence exceptions are ignored.

selected job run_fasttree
    wildcards: gene=GES
file trees/GES.tre:
    Producer found, hence exceptions are ignored.

candidate job align_gene
    wildcards: gene=GES
selected job align_gene
    wildcards: gene=GES
file fasta/GES.aln:
    Producer found, hence exceptions are ignored.

AmbiguousRuleException:
Rules run_fasttree and refine_tree are ambiguous for the file trees/GES_refined.tre.
Consider starting rule output with a unique prefix, constrain your wildcards, or use the ruleorder directive.
Wildcards:
	run_fasttree: gene=GES_refined
	refine_tree: gene=GES
Expected input files:
	run_fasttree: fasta/GES_refined.aln
	refine_tree: trees/GES.tre fasta/GES.alnExpected output files:
	run_fasttree: trees/GES_refined.tre
	refine_tree: trees/GES_refined.tre
