Building DAG of jobs...
candidate job all
    wildcards: 
candidate job align_gene
    wildcards: gene=GES
candidate job extract_gene
    wildcards: gene=GES
selected job extract_gene
    wildcards: gene=GES
file fasta/GES.fa:
    Producer found, hence exceptions are ignored.

selected job align_gene
    wildcards: gene=GES
file fasta/GES.aln:
    Producer found, hence exceptions are ignored.

candidate job align_gene
    wildcards: gene=CTX-M
candidate job extract_gene
    wildcards: gene=CTX-M
selected job extract_gene
    wildcards: gene=CTX-M
file fasta/CTX-M.fa:
    Producer found, hence exceptions are ignored.

selected job align_gene
    wildcards: gene=CTX-M
file fasta/CTX-M.aln:
    Producer found, hence exceptions are ignored.

candidate job align_gene
    wildcards: gene=SHV
candidate job extract_gene
    wildcards: gene=SHV
selected job extract_gene
    wildcards: gene=SHV
file fasta/SHV.fa:
    Producer found, hence exceptions are ignored.

selected job align_gene
    wildcards: gene=SHV
file fasta/SHV.aln:
    Producer found, hence exceptions are ignored.

selected job all
    wildcards: 
file None:
    Producer found, hence exceptions are ignored.

Using shell: /bin/bash
Provided cores: 1 (use --cores to define parallelism)
Rules claiming more threads will be scaled down.
Job stats:
job           count    min threads    max threads
----------  -------  -------------  -------------
align_gene        3              1              1
all               1              1              1
total             4              1              1

Select jobs to execute...

[Wed Feb 22 11:01:47 2023]
rule align_gene:
    input: fasta/SHV.fa
    output: fasta/SHV.aln
    jobid: 5
    reason: Missing output files: fasta/SHV.aln
    wildcards: gene=SHV
    resources: tmpdir=/var/folders/0l/xw463hyd355gswf5590vdd6c0000gr/T

[Wed Feb 22 11:01:53 2023]
Finished job 5.
1 of 4 steps (25%) done
Select jobs to execute...

[Wed Feb 22 11:01:53 2023]
rule align_gene:
    input: fasta/GES.fa
    output: fasta/GES.aln
    jobid: 1
    reason: Missing output files: fasta/GES.aln
    wildcards: gene=GES
    resources: tmpdir=/var/folders/0l/xw463hyd355gswf5590vdd6c0000gr/T

[Wed Feb 22 11:02:06 2023]
Finished job 1.
2 of 4 steps (50%) done
Select jobs to execute...

[Wed Feb 22 11:02:06 2023]
rule align_gene:
    input: fasta/CTX-M.fa
    output: fasta/CTX-M.aln
    jobid: 3
    reason: Missing output files: fasta/CTX-M.aln
    wildcards: gene=CTX-M
    resources: tmpdir=/var/folders/0l/xw463hyd355gswf5590vdd6c0000gr/T

[Wed Feb 22 11:02:18 2023]
Finished job 3.
3 of 4 steps (75%) done
Select jobs to execute...

[Wed Feb 22 11:02:18 2023]
localrule all:
    input: fasta/GES.aln, fasta/CTX-M.aln, fasta/SHV.aln
    jobid: 0
    reason: Input files updated by another job: fasta/GES.aln, fasta/SHV.aln, fasta/CTX-M.aln
    resources: tmpdir=/var/folders/0l/xw463hyd355gswf5590vdd6c0000gr/T

[Wed Feb 22 11:02:18 2023]
Finished job 0.
4 of 4 steps (100%) done
Complete log: .snakemake/log/2023-02-22T110145.492288.snakemake.log
