Building DAG of jobs...
Using shell: /bin/bash
Provided cores: 1 (use --cores to define parallelism)
Rules claiming more threads will be scaled down.
Job stats:
job             count    min threads    max threads
------------  -------  -------------  -------------
all                 1              1              1
plot_tree          11              1              1
refine_tree        11              1              1
run_fasttree       11              1              1
total              34              1              1

Select jobs to execute...

[Wed Feb 22 11:46:27 2023]
rule run_fasttree:
    input: alns/SHV.aln
    output: trees/SHV.nwk
    jobid: 38
    reason: Missing output files: trees/SHV.nwk
    wildcards: gene=SHV
    resources: tmpdir=/var/folders/0l/xw463hyd355gswf5590vdd6c0000gr/T

[Wed Feb 22 11:46:32 2023]
Finished job 38.
1 of 34 steps (3%) done
Select jobs to execute...

[Wed Feb 22 11:46:32 2023]
rule run_fasttree:
    input: alns/TEM.aln
    output: trees/TEM.nwk
    jobid: 43
    reason: Missing output files: trees/TEM.nwk
    wildcards: gene=TEM
    resources: tmpdir=/var/folders/0l/xw463hyd355gswf5590vdd6c0000gr/T

[Wed Feb 22 11:46:37 2023]
Finished job 43.
2 of 34 steps (6%) done
Select jobs to execute...

[Wed Feb 22 11:46:37 2023]
rule run_fasttree:
    input: alns/GES.aln
    output: trees/GES.nwk
    jobid: 13
    reason: Missing output files: trees/GES.nwk
    wildcards: gene=GES
    resources: tmpdir=/var/folders/0l/xw463hyd355gswf5590vdd6c0000gr/T

[Wed Feb 22 11:46:38 2023]
Finished job 13.
3 of 34 steps (9%) done
Select jobs to execute...

[Wed Feb 22 11:46:38 2023]
rule run_fasttree:
    input: alns/NDM.aln
    output: trees/NDM.nwk
    jobid: 28
    reason: Missing output files: trees/NDM.nwk
    wildcards: gene=NDM
    resources: tmpdir=/var/folders/0l/xw463hyd355gswf5590vdd6c0000gr/T

[Wed Feb 22 11:46:39 2023]
Finished job 28.
4 of 34 steps (12%) done
Select jobs to execute...

[Wed Feb 22 11:46:40 2023]
rule refine_tree:
    input: trees/SHV.nwk, alns/SHV.aln
    output: refined-trees/SHV.nwk
    jobid: 37
    reason: Missing output files: refined-trees/SHV.nwk; Input files updated by another job: trees/SHV.nwk
    wildcards: gene=SHV
    resources: tmpdir=/var/folders/0l/xw463hyd355gswf5590vdd6c0000gr/T

[Wed Feb 22 11:46:42 2023]
Finished job 37.
5 of 34 steps (15%) done
Select jobs to execute...

[Wed Feb 22 11:46:42 2023]
rule plot_tree:
    input: refined-trees/SHV.nwk
    output: plots/SHV.pdf
    jobid: 36
    reason: Input files updated by another job: refined-trees/SHV.nwk; Set of input files has changed since last execution
    wildcards: gene=SHV
    resources: tmpdir=/var/folders/0l/xw463hyd355gswf5590vdd6c0000gr/T

[Wed Feb 22 11:46:44 2023]
Finished job 36.
6 of 34 steps (18%) done
Select jobs to execute...

[Wed Feb 22 11:46:44 2023]
rule run_fasttree:
    input: alns/KPC.aln
    output: trees/KPC.nwk
    jobid: 23
    reason: Missing output files: trees/KPC.nwk
    wildcards: gene=KPC
    resources: tmpdir=/var/folders/0l/xw463hyd355gswf5590vdd6c0000gr/T

[Wed Feb 22 11:46:50 2023]
Finished job 23.
7 of 34 steps (21%) done
Select jobs to execute...

[Wed Feb 22 11:46:50 2023]
rule refine_tree:
    input: trees/KPC.nwk, alns/KPC.aln
    output: refined-trees/KPC.nwk
    jobid: 22
    reason: Missing output files: refined-trees/KPC.nwk; Input files updated by another job: trees/KPC.nwk
    wildcards: gene=KPC
    resources: tmpdir=/var/folders/0l/xw463hyd355gswf5590vdd6c0000gr/T

[Wed Feb 22 11:46:52 2023]
Finished job 22.
8 of 34 steps (24%) done
Select jobs to execute...

[Wed Feb 22 11:46:52 2023]
rule plot_tree:
    input: refined-trees/KPC.nwk
    output: plots/KPC.pdf
    jobid: 21
    reason: Input files updated by another job: refined-trees/KPC.nwk; Set of input files has changed since last execution
    wildcards: gene=KPC
    resources: tmpdir=/var/folders/0l/xw463hyd355gswf5590vdd6c0000gr/T

[Wed Feb 22 11:46:53 2023]
Finished job 21.
9 of 34 steps (26%) done
Select jobs to execute...

[Wed Feb 22 11:46:53 2023]
rule run_fasttree:
    input: alns/VEB.aln
    output: trees/VEB.nwk
    jobid: 48
    reason: Missing output files: trees/VEB.nwk
    wildcards: gene=VEB
    resources: tmpdir=/var/folders/0l/xw463hyd355gswf5590vdd6c0000gr/T

[Wed Feb 22 11:46:54 2023]
Finished job 48.
10 of 34 steps (29%) done
Select jobs to execute...

[Wed Feb 22 11:46:54 2023]
rule refine_tree:
    input: trees/VEB.nwk, alns/VEB.aln
    output: refined-trees/VEB.nwk
    jobid: 47
    reason: Missing output files: refined-trees/VEB.nwk; Input files updated by another job: trees/VEB.nwk
    wildcards: gene=VEB
    resources: tmpdir=/var/folders/0l/xw463hyd355gswf5590vdd6c0000gr/T

[Wed Feb 22 11:46:55 2023]
Finished job 47.
11 of 34 steps (32%) done
Select jobs to execute...

[Wed Feb 22 11:46:55 2023]
rule plot_tree:
    input: refined-trees/VEB.nwk
    output: plots/VEB.pdf
    jobid: 46
    reason: Input files updated by another job: refined-trees/VEB.nwk; Set of input files has changed since last execution
    wildcards: gene=VEB
    resources: tmpdir=/var/folders/0l/xw463hyd355gswf5590vdd6c0000gr/T

[Wed Feb 22 11:46:56 2023]
Finished job 46.
12 of 34 steps (35%) done
Select jobs to execute...

[Wed Feb 22 11:46:56 2023]
rule run_fasttree:
    input: alns/CMY.aln
    output: trees/CMY.nwk
    jobid: 3
    reason: Missing output files: trees/CMY.nwk
    wildcards: gene=CMY
    resources: tmpdir=/var/folders/0l/xw463hyd355gswf5590vdd6c0000gr/T

[Wed Feb 22 11:47:02 2023]
Finished job 3.
13 of 34 steps (38%) done
Select jobs to execute...

[Wed Feb 22 11:47:02 2023]
rule refine_tree:
    input: trees/CMY.nwk, alns/CMY.aln
    output: refined-trees/CMY.nwk
    jobid: 2
    reason: Missing output files: refined-trees/CMY.nwk; Input files updated by another job: trees/CMY.nwk
    wildcards: gene=CMY
    resources: tmpdir=/var/folders/0l/xw463hyd355gswf5590vdd6c0000gr/T

[Wed Feb 22 11:47:05 2023]
Finished job 2.
14 of 34 steps (41%) done
Select jobs to execute...

[Wed Feb 22 11:47:05 2023]
rule plot_tree:
    input: refined-trees/CMY.nwk
    output: plots/CMY.pdf
    jobid: 1
    reason: Input files updated by another job: refined-trees/CMY.nwk; Set of input files has changed since last execution
    wildcards: gene=CMY
    resources: tmpdir=/var/folders/0l/xw463hyd355gswf5590vdd6c0000gr/T

[Wed Feb 22 11:47:06 2023]
Finished job 1.
15 of 34 steps (44%) done
Select jobs to execute...

[Wed Feb 22 11:47:06 2023]
rule run_fasttree:
    input: alns/IMP.aln
    output: trees/IMP.nwk
    jobid: 18
    reason: Missing output files: trees/IMP.nwk
    wildcards: gene=IMP
    resources: tmpdir=/var/folders/0l/xw463hyd355gswf5590vdd6c0000gr/T

[Wed Feb 22 11:47:09 2023]
Finished job 18.
16 of 34 steps (47%) done
Select jobs to execute...

[Wed Feb 22 11:47:09 2023]
rule refine_tree:
    input: trees/IMP.nwk, alns/IMP.aln
    output: refined-trees/IMP.nwk
    jobid: 17
    reason: Missing output files: refined-trees/IMP.nwk; Input files updated by another job: trees/IMP.nwk
    wildcards: gene=IMP
    resources: tmpdir=/var/folders/0l/xw463hyd355gswf5590vdd6c0000gr/T

[Wed Feb 22 11:47:11 2023]
Finished job 17.
17 of 34 steps (50%) done
Select jobs to execute...

[Wed Feb 22 11:47:11 2023]
rule run_fasttree:
    input: alns/PER.aln
    output: trees/PER.nwk
    jobid: 33
    reason: Missing output files: trees/PER.nwk
    wildcards: gene=PER
    resources: tmpdir=/var/folders/0l/xw463hyd355gswf5590vdd6c0000gr/T

[Wed Feb 22 11:47:11 2023]
Finished job 33.
18 of 34 steps (53%) done
Select jobs to execute...

[Wed Feb 22 11:47:11 2023]
rule refine_tree:
    input: trees/PER.nwk, alns/PER.aln
    output: refined-trees/PER.nwk
    jobid: 32
    reason: Missing output files: refined-trees/PER.nwk; Input files updated by another job: trees/PER.nwk
    wildcards: gene=PER
    resources: tmpdir=/var/folders/0l/xw463hyd355gswf5590vdd6c0000gr/T

[Wed Feb 22 11:47:12 2023]
Finished job 32.
19 of 34 steps (56%) done
Select jobs to execute...

[Wed Feb 22 11:47:12 2023]
rule plot_tree:
    input: refined-trees/IMP.nwk
    output: plots/IMP.pdf
    jobid: 16
    reason: Input files updated by another job: refined-trees/IMP.nwk; Set of input files has changed since last execution
    wildcards: gene=IMP
    resources: tmpdir=/var/folders/0l/xw463hyd355gswf5590vdd6c0000gr/T

[Wed Feb 22 11:47:14 2023]
Finished job 16.
20 of 34 steps (59%) done
Select jobs to execute...

[Wed Feb 22 11:47:14 2023]
rule plot_tree:
    input: refined-trees/PER.nwk
    output: plots/PER.pdf
    jobid: 31
    reason: Input files updated by another job: refined-trees/PER.nwk; Set of input files has changed since last execution
    wildcards: gene=PER
    resources: tmpdir=/var/folders/0l/xw463hyd355gswf5590vdd6c0000gr/T

[Wed Feb 22 11:47:15 2023]
Finished job 31.
21 of 34 steps (62%) done
Select jobs to execute...

[Wed Feb 22 11:47:15 2023]
rule refine_tree:
    input: trees/TEM.nwk, alns/TEM.aln
    output: refined-trees/TEM.nwk
    jobid: 42
    reason: Missing output files: refined-trees/TEM.nwk; Input files updated by another job: trees/TEM.nwk
    wildcards: gene=TEM
    resources: tmpdir=/var/folders/0l/xw463hyd355gswf5590vdd6c0000gr/T

[Wed Feb 22 11:47:17 2023]
Finished job 42.
22 of 34 steps (65%) done
Select jobs to execute...

[Wed Feb 22 11:47:18 2023]
rule plot_tree:
    input: refined-trees/TEM.nwk
    output: plots/TEM.pdf
    jobid: 41
    reason: Input files updated by another job: refined-trees/TEM.nwk; Set of input files has changed since last execution
    wildcards: gene=TEM
    resources: tmpdir=/var/folders/0l/xw463hyd355gswf5590vdd6c0000gr/T

[Wed Feb 22 11:47:19 2023]
Finished job 41.
23 of 34 steps (68%) done
Select jobs to execute...

[Wed Feb 22 11:47:19 2023]
rule refine_tree:
    input: trees/GES.nwk, alns/GES.aln
    output: refined-trees/GES.nwk
    jobid: 12
    reason: Missing output files: refined-trees/GES.nwk; Input files updated by another job: trees/GES.nwk
    wildcards: gene=GES
    resources: tmpdir=/var/folders/0l/xw463hyd355gswf5590vdd6c0000gr/T

[Wed Feb 22 11:47:20 2023]
Finished job 12.
24 of 34 steps (71%) done
Select jobs to execute...

[Wed Feb 22 11:47:20 2023]
rule plot_tree:
    input: refined-trees/GES.nwk
    output: plots/GES.pdf
    jobid: 11
    reason: Input files updated by another job: refined-trees/GES.nwk; Set of input files has changed since last execution
    wildcards: gene=GES
    resources: tmpdir=/var/folders/0l/xw463hyd355gswf5590vdd6c0000gr/T

[Wed Feb 22 11:47:22 2023]
Finished job 11.
25 of 34 steps (74%) done
Select jobs to execute...

[Wed Feb 22 11:47:22 2023]
rule refine_tree:
    input: trees/NDM.nwk, alns/NDM.aln
    output: refined-trees/NDM.nwk
    jobid: 27
    reason: Missing output files: refined-trees/NDM.nwk; Input files updated by another job: trees/NDM.nwk
    wildcards: gene=NDM
    resources: tmpdir=/var/folders/0l/xw463hyd355gswf5590vdd6c0000gr/T

[Wed Feb 22 11:47:23 2023]
Finished job 27.
26 of 34 steps (76%) done
Select jobs to execute...

[Wed Feb 22 11:47:23 2023]
rule plot_tree:
    input: refined-trees/NDM.nwk
    output: plots/NDM.pdf
    jobid: 26
    reason: Input files updated by another job: refined-trees/NDM.nwk; Set of input files has changed since last execution
    wildcards: gene=NDM
    resources: tmpdir=/var/folders/0l/xw463hyd355gswf5590vdd6c0000gr/T

[Wed Feb 22 11:47:25 2023]
Finished job 26.
27 of 34 steps (79%) done
Select jobs to execute...

[Wed Feb 22 11:47:25 2023]
rule run_fasttree:
    input: alns/CTX-M.aln
    output: trees/CTX-M.nwk
    jobid: 8
    reason: Missing output files: trees/CTX-M.nwk
    wildcards: gene=CTX-M
    resources: tmpdir=/var/folders/0l/xw463hyd355gswf5590vdd6c0000gr/T

[Wed Feb 22 11:47:32 2023]
Finished job 8.
28 of 34 steps (82%) done
Select jobs to execute...

[Wed Feb 22 11:47:32 2023]
rule run_fasttree:
    input: alns/VIM.aln
    output: trees/VIM.nwk
    jobid: 53
    reason: Missing output files: trees/VIM.nwk
    wildcards: gene=VIM
    resources: tmpdir=/var/folders/0l/xw463hyd355gswf5590vdd6c0000gr/T

[Wed Feb 22 11:47:34 2023]
Finished job 53.
29 of 34 steps (85%) done
Select jobs to execute...

[Wed Feb 22 11:47:34 2023]
rule refine_tree:
    input: trees/VIM.nwk, alns/VIM.aln
    output: refined-trees/VIM.nwk
    jobid: 52
    reason: Missing output files: refined-trees/VIM.nwk; Input files updated by another job: trees/VIM.nwk
    wildcards: gene=VIM
    resources: tmpdir=/var/folders/0l/xw463hyd355gswf5590vdd6c0000gr/T

[Wed Feb 22 11:47:36 2023]
Finished job 52.
30 of 34 steps (88%) done
Select jobs to execute...

[Wed Feb 22 11:47:36 2023]
rule refine_tree:
    input: trees/CTX-M.nwk, alns/CTX-M.aln
    output: refined-trees/CTX-M.nwk
    jobid: 7
    reason: Missing output files: refined-trees/CTX-M.nwk; Input files updated by another job: trees/CTX-M.nwk
    wildcards: gene=CTX-M
    resources: tmpdir=/var/folders/0l/xw463hyd355gswf5590vdd6c0000gr/T

[Wed Feb 22 11:47:41 2023]
Finished job 7.
31 of 34 steps (91%) done
Select jobs to execute...

[Wed Feb 22 11:47:41 2023]
rule plot_tree:
    input: refined-trees/CTX-M.nwk
    output: plots/CTX-M.pdf
    jobid: 6
    reason: Input files updated by another job: refined-trees/CTX-M.nwk; Set of input files has changed since last execution
    wildcards: gene=CTX-M
    resources: tmpdir=/var/folders/0l/xw463hyd355gswf5590vdd6c0000gr/T

[Wed Feb 22 11:47:42 2023]
Finished job 6.
32 of 34 steps (94%) done
Select jobs to execute...

[Wed Feb 22 11:47:42 2023]
rule plot_tree:
    input: refined-trees/VIM.nwk
    output: plots/VIM.pdf
    jobid: 51
    reason: Input files updated by another job: refined-trees/VIM.nwk; Set of input files has changed since last execution
    wildcards: gene=VIM
    resources: tmpdir=/var/folders/0l/xw463hyd355gswf5590vdd6c0000gr/T

[Wed Feb 22 11:47:44 2023]
Finished job 51.
33 of 34 steps (97%) done
Select jobs to execute...

[Wed Feb 22 11:47:44 2023]
localrule all:
    input: plots/CMY.pdf, plots/CTX-M.pdf, plots/GES.pdf, plots/IMP.pdf, plots/KPC.pdf, plots/NDM.pdf, plots/PER.pdf, plots/SHV.pdf, plots/TEM.pdf, plots/VEB.pdf, plots/VIM.pdf
    jobid: 0
    reason: Input files updated by another job: plots/SHV.pdf, plots/VIM.pdf, plots/GES.pdf, plots/IMP.pdf, plots/CMY.pdf, plots/CTX-M.pdf, plots/VEB.pdf, plots/TEM.pdf, plots/NDM.pdf, plots/KPC.pdf, plots/PER.pdf
    resources: tmpdir=/var/folders/0l/xw463hyd355gswf5590vdd6c0000gr/T

[Wed Feb 22 11:47:44 2023]
Finished job 0.
34 of 34 steps (100%) done
Complete log: .snakemake/log/2023-02-22T114626.534184.snakemake.log
