Building DAG of jobs...
Using shell: /bin/bash
Provided cores: 2
Rules claiming more threads will be scaled down.
Job stats:
job             count    min threads    max threads
------------  -------  -------------  -------------
all                 1              1              1
plot_tree          11              1              1
refine_tree        11              1              1
run_fasttree       11              1              1
total              34              1              1

Select jobs to execute...

[Wed Feb 22 12:32:34 2023]
rule run_fasttree:
    input: alns/CTX-M.aln
    output: trees/CTX-M.nwk
    jobid: 8
    reason: Missing output files: trees/CTX-M.nwk
    wildcards: gene=CTX-M
    resources: tmpdir=/var/folders/0l/xw463hyd355gswf5590vdd6c0000gr/T


[Wed Feb 22 12:32:35 2023]
rule run_fasttree:
    input: alns/VIM.aln
    output: trees/VIM.nwk
    jobid: 53
    reason: Missing output files: trees/VIM.nwk
    wildcards: gene=VIM
    resources: tmpdir=/var/folders/0l/xw463hyd355gswf5590vdd6c0000gr/T

[Wed Feb 22 12:32:36 2023]
Finished job 53.
1 of 34 steps (3%) done
Select jobs to execute...

[Wed Feb 22 12:32:36 2023]
rule run_fasttree:
    input: alns/KPC.aln
    output: trees/KPC.nwk
    jobid: 23
    reason: Missing output files: trees/KPC.nwk
    wildcards: gene=KPC
    resources: tmpdir=/var/folders/0l/xw463hyd355gswf5590vdd6c0000gr/T

Terminating processes on user request, this might take some time.
[Wed Feb 22 12:32:41 2023]
Error in rule run_fasttree:
    jobid: 23
    input: alns/KPC.aln
    output: trees/KPC.nwk
    shell:
        FastTree -nt -gtr alns/KPC.aln > trees/KPC.nwk
        (one of the commands exited with non-zero exit code; note that snakemake uses bash strict mode!)

[Wed Feb 22 12:32:41 2023]
Error in rule run_fasttree:
    jobid: 8
    input: alns/CTX-M.aln
    output: trees/CTX-M.nwk
    shell:
        FastTree -nt -gtr alns/CTX-M.aln > trees/CTX-M.nwk
        (one of the commands exited with non-zero exit code; note that snakemake uses bash strict mode!)

Complete log: .snakemake/log/2023-02-22T123234.278995.snakemake.log
