Building DAG of jobs...
Using shell: /bin/bash
Provided cores: 2
Rules claiming more threads will be scaled down.
Job stats:
job             count    min threads    max threads
------------  -------  -------------  -------------
all                 1              1              1
plot_tree           5              1              1
refine_tree         5              1              1
run_fasttree        5              1              1
total              16              1              1

Select jobs to execute...

[Wed Feb 22 12:25:00 2023]
rule run_fasttree:
    input: alns/CTX-M.aln
    output: trees/CTX-M.nwk
    jobid: 8
    reason: Updated input files: alns/CTX-M.aln
    wildcards: gene=CTX-M
    resources: tmpdir=/var/folders/0l/xw463hyd355gswf5590vdd6c0000gr/T


[Wed Feb 22 12:25:00 2023]
rule run_fasttree:
    input: alns/CMY.aln
    output: trees/CMY.nwk
    jobid: 3
    reason: Updated input files: alns/CMY.aln
    wildcards: gene=CMY
    resources: tmpdir=/var/folders/0l/xw463hyd355gswf5590vdd6c0000gr/T

[Wed Feb 22 12:25:06 2023]
Finished job 3.
1 of 16 steps (6%) done
Select jobs to execute...

[Wed Feb 22 12:25:06 2023]
rule run_fasttree:
    input: alns/TEM.aln
    output: trees/TEM.nwk
    jobid: 43
    reason: Updated input files: alns/TEM.aln
    wildcards: gene=TEM
    resources: tmpdir=/var/folders/0l/xw463hyd355gswf5590vdd6c0000gr/T

[Wed Feb 22 12:25:07 2023]
Finished job 8.
2 of 16 steps (12%) done
Select jobs to execute...

[Wed Feb 22 12:25:08 2023]
rule refine_tree:
    input: trees/CTX-M.nwk, alns/CTX-M.aln
    output: refined-trees/CTX-M.nwk
    jobid: 7
    reason: Input files updated by another job: trees/CTX-M.nwk
    wildcards: gene=CTX-M
    resources: tmpdir=/var/folders/0l/xw463hyd355gswf5590vdd6c0000gr/T

[Wed Feb 22 12:25:11 2023]
Finished job 43.
3 of 16 steps (19%) done
Select jobs to execute...

[Wed Feb 22 12:25:11 2023]
rule run_fasttree:
    input: alns/KPC.aln
    output: trees/KPC.nwk
    jobid: 23
    reason: Updated input files: alns/KPC.aln
    wildcards: gene=KPC
    resources: tmpdir=/var/folders/0l/xw463hyd355gswf5590vdd6c0000gr/T

[Wed Feb 22 12:25:13 2023]
Finished job 7.
4 of 16 steps (25%) done
Select jobs to execute...

[Wed Feb 22 12:25:13 2023]
rule plot_tree:
    input: refined-trees/CTX-M.nwk
    output: plots/CTX-M.pdf
    jobid: 6
    reason: Input files updated by another job: refined-trees/CTX-M.nwk
    wildcards: gene=CTX-M
    resources: tmpdir=/var/folders/0l/xw463hyd355gswf5590vdd6c0000gr/T

[Wed Feb 22 12:25:15 2023]
Finished job 6.
5 of 16 steps (31%) done
Select jobs to execute...

[Wed Feb 22 12:25:15 2023]
rule refine_tree:
    input: trees/TEM.nwk, alns/TEM.aln
    output: refined-trees/TEM.nwk
    jobid: 42
    reason: Input files updated by another job: trees/TEM.nwk
    wildcards: gene=TEM
    resources: tmpdir=/var/folders/0l/xw463hyd355gswf5590vdd6c0000gr/T

[Wed Feb 22 12:25:17 2023]
Finished job 23.
6 of 16 steps (38%) done
Select jobs to execute...

[Wed Feb 22 12:25:17 2023]
rule refine_tree:
    input: trees/KPC.nwk, alns/KPC.aln
    output: refined-trees/KPC.nwk
    jobid: 22
    reason: Input files updated by another job: trees/KPC.nwk
    wildcards: gene=KPC
    resources: tmpdir=/var/folders/0l/xw463hyd355gswf5590vdd6c0000gr/T

[Wed Feb 22 12:25:17 2023]
Finished job 42.
7 of 16 steps (44%) done
Select jobs to execute...

[Wed Feb 22 12:25:17 2023]
rule run_fasttree:
    input: alns/SHV.aln
    output: trees/SHV.nwk
    jobid: 38
    reason: Updated input files: alns/SHV.aln
    wildcards: gene=SHV
    resources: tmpdir=/var/folders/0l/xw463hyd355gswf5590vdd6c0000gr/T

[Wed Feb 22 12:25:19 2023]
Finished job 22.
8 of 16 steps (50%) done
Select jobs to execute...

[Wed Feb 22 12:25:19 2023]
rule plot_tree:
    input: refined-trees/KPC.nwk
    output: plots/KPC.pdf
    jobid: 21
    reason: Input files updated by another job: refined-trees/KPC.nwk
    wildcards: gene=KPC
    resources: tmpdir=/var/folders/0l/xw463hyd355gswf5590vdd6c0000gr/T

[Wed Feb 22 12:25:20 2023]
Finished job 21.
9 of 16 steps (56%) done
Select jobs to execute...

[Wed Feb 22 12:25:20 2023]
rule refine_tree:
    input: trees/CMY.nwk, alns/CMY.aln
    output: refined-trees/CMY.nwk
    jobid: 2
    reason: Input files updated by another job: trees/CMY.nwk
    wildcards: gene=CMY
    resources: tmpdir=/var/folders/0l/xw463hyd355gswf5590vdd6c0000gr/T

[Wed Feb 22 12:25:22 2023]
Finished job 38.
10 of 16 steps (62%) done
Select jobs to execute...

[Wed Feb 22 12:25:22 2023]
rule refine_tree:
    input: trees/SHV.nwk, alns/SHV.aln
    output: refined-trees/SHV.nwk
    jobid: 37
    reason: Input files updated by another job: trees/SHV.nwk
    wildcards: gene=SHV
    resources: tmpdir=/var/folders/0l/xw463hyd355gswf5590vdd6c0000gr/T

[Wed Feb 22 12:25:23 2023]
Finished job 2.
11 of 16 steps (69%) done
Select jobs to execute...

[Wed Feb 22 12:25:23 2023]
rule plot_tree:
    input: refined-trees/CMY.nwk
    output: plots/CMY.pdf
    jobid: 1
    reason: Input files updated by another job: refined-trees/CMY.nwk
    wildcards: gene=CMY
    resources: tmpdir=/var/folders/0l/xw463hyd355gswf5590vdd6c0000gr/T

[Wed Feb 22 12:25:24 2023]
Finished job 1.
12 of 16 steps (75%) done
Select jobs to execute...

[Wed Feb 22 12:25:24 2023]
rule plot_tree:
    input: refined-trees/TEM.nwk
    output: plots/TEM.pdf
    jobid: 41
    reason: Input files updated by another job: refined-trees/TEM.nwk
    wildcards: gene=TEM
    resources: tmpdir=/var/folders/0l/xw463hyd355gswf5590vdd6c0000gr/T

[Wed Feb 22 12:25:24 2023]
Finished job 37.
13 of 16 steps (81%) done
Select jobs to execute...

[Wed Feb 22 12:25:24 2023]
rule plot_tree:
    input: refined-trees/SHV.nwk
    output: plots/SHV.pdf
    jobid: 36
    reason: Input files updated by another job: refined-trees/SHV.nwk
    wildcards: gene=SHV
    resources: tmpdir=/var/folders/0l/xw463hyd355gswf5590vdd6c0000gr/T

[Wed Feb 22 12:25:26 2023]
Finished job 41.
14 of 16 steps (88%) done
[Wed Feb 22 12:25:26 2023]
Finished job 36.
15 of 16 steps (94%) done
Select jobs to execute...

[Wed Feb 22 12:25:26 2023]
localrule all:
    input: plots/CMY.pdf, plots/CTX-M.pdf, plots/GES.pdf, plots/IMP.pdf, plots/KPC.pdf, plots/NDM.pdf, plots/PER.pdf, plots/SHV.pdf, plots/TEM.pdf, plots/VEB.pdf, plots/VIM.pdf
    jobid: 0
    reason: Input files updated by another job: plots/TEM.pdf, plots/CTX-M.pdf, plots/SHV.pdf, plots/KPC.pdf, plots/CMY.pdf
    resources: tmpdir=/var/folders/0l/xw463hyd355gswf5590vdd6c0000gr/T

[Wed Feb 22 12:25:26 2023]
Finished job 0.
16 of 16 steps (100%) done
Complete log: .snakemake/log/2023-02-22T122500.232448.snakemake.log
