Building DAG of jobs...
Using shell: /bin/bash
Provided cores: 1 (use --cores to define parallelism)
Rules claiming more threads will be scaled down.
Job stats:
job          count    min threads    max threads
---------  -------  -------------  -------------
all              1              1              1
plot_tree        1              1              1
total            2              1              1

Select jobs to execute...

[Wed Feb 22 11:31:10 2023]
rule plot_tree:
    input: refined-trees/CTX-M.tre
    output: plots/CTX-M.pdf
    jobid: 1
    reason: Missing output files: plots/CTX-M.pdf
    wildcards: gene=CTX-M
    resources: tmpdir=/var/folders/0l/xw463hyd355gswf5590vdd6c0000gr/T

[Wed Feb 22 11:31:11 2023]
Error in rule plot_tree:
    jobid: 1
    input: refined-trees/CTX-M.tre
    output: plots/CTX-M.pdf

Shutting down, this might take some time.
Exiting because a job execution failed. Look above for error message
Complete log: .snakemake/log/2023-02-22T113109.831586.snakemake.log
