Building DAG of jobs...
Using shell: /bin/bash
Provided cores: 1 (use --cores to define parallelism)
Rules claiming more threads will be scaled down.
Job stats:
job             count    min threads    max threads
------------  -------  -------------  -------------
extract_gene        1              1              1
total               1              1              1

Select jobs to execute...

[Wed Feb 22 10:08:02 2023]
rule extract_gene:
    input: data/NCBI_bl.fa
    jobid: 0
    reason: Rules with a run or shell declaration but no output are always executed.
    resources: tmpdir=/var/folders/0l/xw463hyd355gswf5590vdd6c0000gr/T

[Wed Feb 22 10:08:02 2023]
Error in rule extract_gene:
    jobid: 0
    input: data/NCBI_bl.fa
    shell:
        python scripts/extract_gene.py data/NCBI_bl.fa GES CTX-M > 
        (one of the commands exited with non-zero exit code; note that snakemake uses bash strict mode!)

Shutting down, this might take some time.
Exiting because a job execution failed. Look above for error message
Complete log: .snakemake/log/2023-02-22T100801.438370.snakemake.log
