Building DAG of jobs...
Using shell: /bin/bash
Provided cores: 2
Rules claiming more threads will be scaled down.
Job stats:
job      count    min threads    max threads
-----  -------  -------------  -------------
all          1              1              1
total        1              1              1

Select jobs to execute...

[Wed Feb 22 12:30:47 2023]
localrule all:
    input: plots/CMY.pdf, plots/CTX-M.pdf, plots/GES.pdf, plots/IMP.pdf, plots/KPC.pdf, plots/NDM.pdf, plots/PER.pdf, plots/SHV.pdf, plots/TEM.pdf, plots/VEB.pdf, plots/VIM.pdf
    jobid: 0
    reason: Forced execution
    resources: tmpdir=/var/folders/0l/xw463hyd355gswf5590vdd6c0000gr/T

[Wed Feb 22 12:30:47 2023]
Finished job 0.
1 of 1 steps (100%) done
Complete log: .snakemake/log/2023-02-22T123046.969833.snakemake.log
