Building DAG of jobs...
candidate job all
    wildcards: 
candidate job extract_gene
    wildcards: gene=GES
selected job extract_gene
    wildcards: gene=GES
file fasta/GES.fa:
    Producer found, hence exceptions are ignored.

candidate job extract_gene
    wildcards: gene=CTX-M
selected job extract_gene
    wildcards: gene=CTX-M
file fasta/CTX-M.fa:
    Producer found, hence exceptions are ignored.

candidate job extract_gene
    wildcards: gene=SHV
selected job extract_gene
    wildcards: gene=SHV
file fasta/SHV.fa:
    Producer found, hence exceptions are ignored.

selected job all
    wildcards: 
file None:
    Producer found, hence exceptions are ignored.

Using shell: /bin/bash
Provided cores: 1 (use --cores to define parallelism)
Rules claiming more threads will be scaled down.
Job stats:
job             count    min threads    max threads
------------  -------  -------------  -------------
all                 1              1              1
extract_gene        1              1              1
total               2              1              1

Select jobs to execute...

[Wed Feb 22 11:00:15 2023]
rule extract_gene:
    input: data/NCBI_bl.fa
    output: fasta/SHV.fa
    jobid: 3
    reason: Missing output files: fasta/SHV.fa
    wildcards: gene=SHV
    resources: tmpdir=/var/folders/0l/xw463hyd355gswf5590vdd6c0000gr/T

[Wed Feb 22 11:00:16 2023]
Finished job 3.
1 of 2 steps (50%) done
Select jobs to execute...

[Wed Feb 22 11:00:16 2023]
localrule all:
    input: fasta/GES.fa, fasta/CTX-M.fa, fasta/SHV.fa
    jobid: 0
    reason: Input files updated by another job: fasta/SHV.fa
    resources: tmpdir=/var/folders/0l/xw463hyd355gswf5590vdd6c0000gr/T

[Wed Feb 22 11:00:16 2023]
Finished job 0.
2 of 2 steps (100%) done
Complete log: .snakemake/log/2023-02-22T110014.869537.snakemake.log
