Building DAG of jobs...
candidate job all
    wildcards: 
candidate job plot_tree
    wildcards: gene=GES
candidate job refine_tree
    wildcards: gene=GES
candidate job run_fasttree
    wildcards: gene=GES
candidate job align_gene
    wildcards: gene=GES
candidate job extract_gene
    wildcards: gene=GES
selected job extract_gene
    wildcards: gene=GES
file fasta/GES.fa:
    Producer found, hence exceptions are ignored.

selected job align_gene
    wildcards: gene=GES
file alns/GES.aln:
    Producer found, hence exceptions are ignored.

selected job run_fasttree
    wildcards: gene=GES
file trees/GES.tre:
    Producer found, hence exceptions are ignored.

selected job refine_tree
    wildcards: gene=GES
file refined-trees/GES.tre:
    Producer found, hence exceptions are ignored.

selected job plot_tree
    wildcards: gene=GES
file plots/GES.pdf:
    Producer found, hence exceptions are ignored.

candidate job plot_tree
    wildcards: gene=CTX-M
candidate job refine_tree
    wildcards: gene=CTX-M
candidate job run_fasttree
    wildcards: gene=CTX-M
candidate job align_gene
    wildcards: gene=CTX-M
candidate job extract_gene
    wildcards: gene=CTX-M
selected job extract_gene
    wildcards: gene=CTX-M
file fasta/CTX-M.fa:
    Producer found, hence exceptions are ignored.

selected job align_gene
    wildcards: gene=CTX-M
file alns/CTX-M.aln:
    Producer found, hence exceptions are ignored.

selected job run_fasttree
    wildcards: gene=CTX-M
file trees/CTX-M.tre:
    Producer found, hence exceptions are ignored.

selected job refine_tree
    wildcards: gene=CTX-M
file refined-trees/CTX-M.tre:
    Producer found, hence exceptions are ignored.

selected job plot_tree
    wildcards: gene=CTX-M
file plots/CTX-M.pdf:
    Producer found, hence exceptions are ignored.

candidate job plot_tree
    wildcards: gene=SHV
candidate job refine_tree
    wildcards: gene=SHV
candidate job run_fasttree
    wildcards: gene=SHV
candidate job align_gene
    wildcards: gene=SHV
candidate job extract_gene
    wildcards: gene=SHV
selected job extract_gene
    wildcards: gene=SHV
file fasta/SHV.fa:
    Producer found, hence exceptions are ignored.

selected job align_gene
    wildcards: gene=SHV
file alns/SHV.aln:
    Producer found, hence exceptions are ignored.

selected job run_fasttree
    wildcards: gene=SHV
file trees/SHV.tre:
    Producer found, hence exceptions are ignored.

selected job refine_tree
    wildcards: gene=SHV
file refined-trees/SHV.tre:
    Producer found, hence exceptions are ignored.

selected job plot_tree
    wildcards: gene=SHV
file plots/SHV.pdf:
    Producer found, hence exceptions are ignored.

selected job all
    wildcards: 
file None:
    Producer found, hence exceptions are ignored.

Using shell: /bin/bash
Provided cores: 1 (use --cores to define parallelism)
Rules claiming more threads will be scaled down.
Job stats:
job          count    min threads    max threads
---------  -------  -------------  -------------
all              1              1              1
plot_tree        3              1              1
total            4              1              1

Select jobs to execute...

[Wed Feb 22 11:21:07 2023]
rule plot_tree:
    input: refined-trees/CTX-M.tre
    output: plots/CTX-M.pdf
    jobid: 6
    reason: Missing output files: plots/CTX-M.pdf
    wildcards: gene=CTX-M
    resources: tmpdir=/var/folders/0l/xw463hyd355gswf5590vdd6c0000gr/T

[Wed Feb 22 11:21:08 2023]
Finished job 6.
1 of 4 steps (25%) done
Select jobs to execute...

[Wed Feb 22 11:21:08 2023]
rule plot_tree:
    input: refined-trees/GES.tre
    output: plots/GES.pdf
    jobid: 1
    reason: Missing output files: plots/GES.pdf
    wildcards: gene=GES
    resources: tmpdir=/var/folders/0l/xw463hyd355gswf5590vdd6c0000gr/T

[Wed Feb 22 11:21:09 2023]
Finished job 1.
2 of 4 steps (50%) done
Select jobs to execute...

[Wed Feb 22 11:21:09 2023]
rule plot_tree:
    input: refined-trees/SHV.tre
    output: plots/SHV.pdf
    jobid: 11
    reason: Missing output files: plots/SHV.pdf
    wildcards: gene=SHV
    resources: tmpdir=/var/folders/0l/xw463hyd355gswf5590vdd6c0000gr/T

[Wed Feb 22 11:21:11 2023]
Finished job 11.
3 of 4 steps (75%) done
Select jobs to execute...

[Wed Feb 22 11:21:11 2023]
localrule all:
    input: plots/GES.pdf, plots/CTX-M.pdf, plots/SHV.pdf
    jobid: 0
    reason: Input files updated by another job: plots/SHV.pdf, plots/GES.pdf, plots/CTX-M.pdf
    resources: tmpdir=/var/folders/0l/xw463hyd355gswf5590vdd6c0000gr/T

[Wed Feb 22 11:21:11 2023]
Finished job 0.
4 of 4 steps (100%) done
Complete log: .snakemake/log/2023-02-22T112106.299197.snakemake.log
