Building DAG of jobs...
Using shell: /bin/bash
Provided cores: 1 (use --cores to define parallelism)
Rules claiming more threads will be scaled down.
Job stats:
job          count    min threads    max threads
---------  -------  -------------  -------------
all              1              1              1
plot_tree        1              1              1
total            2              1              1

Select jobs to execute...

[Wed Feb 22 11:32:45 2023]
rule plot_tree:
    input: refined-trees/CTX-M.tre
    output: plots/CTX-M.pdf
    jobid: 1
    reason: Missing output files: plots/CTX-M.pdf
    wildcards: gene=CTX-M
    resources: tmpdir=/var/folders/0l/xw463hyd355gswf5590vdd6c0000gr/T

[Wed Feb 22 11:32:47 2023]
Finished job 1.
1 of 2 steps (50%) done
Select jobs to execute...

[Wed Feb 22 11:32:47 2023]
localrule all:
    input: plots/CTX-M.pdf
    jobid: 0
    reason: Input files updated by another job: plots/CTX-M.pdf
    resources: tmpdir=/var/folders/0l/xw463hyd355gswf5590vdd6c0000gr/T

[Wed Feb 22 11:32:47 2023]
Finished job 0.
2 of 2 steps (100%) done
Complete log: .snakemake/log/2023-02-22T113245.239656.snakemake.log
