Building DAG of jobs...
Using shell: /bin/bash
Provided cores: 1 (use --cores to define parallelism)
Rules claiming more threads will be scaled down.
Job stats:
job          count    min threads    max threads
---------  -------  -------------  -------------
all              1              1              1
plot_tree       11              1              1
total           12              1              1

Select jobs to execute...

[Wed Feb 22 11:45:29 2023]
rule plot_tree:
    input: refined-trees/CTX-M.tre
    output: plots/CTX-M.pdf
    jobid: 6
    reason: Missing output files: plots/CTX-M.pdf
    wildcards: gene=CTX-M
    resources: tmpdir=/var/folders/0l/xw463hyd355gswf5590vdd6c0000gr/T

[Wed Feb 22 11:45:31 2023]
Finished job 6.
1 of 12 steps (8%) done
Select jobs to execute...

[Wed Feb 22 11:45:31 2023]
rule plot_tree:
    input: refined-trees/VIM.tre
    output: plots/VIM.pdf
    jobid: 51
    reason: Missing output files: plots/VIM.pdf
    wildcards: gene=VIM
    resources: tmpdir=/var/folders/0l/xw463hyd355gswf5590vdd6c0000gr/T

[Wed Feb 22 11:45:32 2023]
Finished job 51.
2 of 12 steps (17%) done
Select jobs to execute...

[Wed Feb 22 11:45:32 2023]
rule plot_tree:
    input: refined-trees/KPC.tre
    output: plots/KPC.pdf
    jobid: 21
    reason: Missing output files: plots/KPC.pdf
    wildcards: gene=KPC
    resources: tmpdir=/var/folders/0l/xw463hyd355gswf5590vdd6c0000gr/T

[Wed Feb 22 11:45:34 2023]
Finished job 21.
3 of 12 steps (25%) done
Select jobs to execute...

[Wed Feb 22 11:45:34 2023]
rule plot_tree:
    input: refined-trees/SHV.tre
    output: plots/SHV.pdf
    jobid: 36
    reason: Missing output files: plots/SHV.pdf
    wildcards: gene=SHV
    resources: tmpdir=/var/folders/0l/xw463hyd355gswf5590vdd6c0000gr/T

[Wed Feb 22 11:45:35 2023]
Finished job 36.
4 of 12 steps (33%) done
Select jobs to execute...

[Wed Feb 22 11:45:35 2023]
rule plot_tree:
    input: refined-trees/CMY.tre
    output: plots/CMY.pdf
    jobid: 1
    reason: Missing output files: plots/CMY.pdf
    wildcards: gene=CMY
    resources: tmpdir=/var/folders/0l/xw463hyd355gswf5590vdd6c0000gr/T

[Wed Feb 22 11:45:37 2023]
Finished job 1.
5 of 12 steps (42%) done
Select jobs to execute...

[Wed Feb 22 11:45:37 2023]
rule plot_tree:
    input: refined-trees/TEM.tre
    output: plots/TEM.pdf
    jobid: 41
    reason: Missing output files: plots/TEM.pdf
    wildcards: gene=TEM
    resources: tmpdir=/var/folders/0l/xw463hyd355gswf5590vdd6c0000gr/T

[Wed Feb 22 11:45:39 2023]
Finished job 41.
6 of 12 steps (50%) done
Select jobs to execute...

[Wed Feb 22 11:45:39 2023]
rule plot_tree:
    input: refined-trees/GES.tre
    output: plots/GES.pdf
    jobid: 11
    reason: Missing output files: plots/GES.pdf
    wildcards: gene=GES
    resources: tmpdir=/var/folders/0l/xw463hyd355gswf5590vdd6c0000gr/T

[Wed Feb 22 11:45:40 2023]
Finished job 11.
7 of 12 steps (58%) done
Select jobs to execute...

[Wed Feb 22 11:45:40 2023]
rule plot_tree:
    input: refined-trees/PER.tre
    output: plots/PER.pdf
    jobid: 31
    reason: Missing output files: plots/PER.pdf
    wildcards: gene=PER
    resources: tmpdir=/var/folders/0l/xw463hyd355gswf5590vdd6c0000gr/T

[Wed Feb 22 11:45:42 2023]
Finished job 31.
8 of 12 steps (67%) done
Select jobs to execute...

[Wed Feb 22 11:45:42 2023]
rule plot_tree:
    input: refined-trees/VEB.tre
    output: plots/VEB.pdf
    jobid: 46
    reason: Missing output files: plots/VEB.pdf
    wildcards: gene=VEB
    resources: tmpdir=/var/folders/0l/xw463hyd355gswf5590vdd6c0000gr/T

[Wed Feb 22 11:45:43 2023]
Finished job 46.
9 of 12 steps (75%) done
Select jobs to execute...

[Wed Feb 22 11:45:43 2023]
rule plot_tree:
    input: refined-trees/IMP.tre
    output: plots/IMP.pdf
    jobid: 16
    reason: Missing output files: plots/IMP.pdf
    wildcards: gene=IMP
    resources: tmpdir=/var/folders/0l/xw463hyd355gswf5590vdd6c0000gr/T

[Wed Feb 22 11:45:44 2023]
Finished job 16.
10 of 12 steps (83%) done
Select jobs to execute...

[Wed Feb 22 11:45:44 2023]
rule plot_tree:
    input: refined-trees/NDM.tre
    output: plots/NDM.pdf
    jobid: 26
    reason: Missing output files: plots/NDM.pdf
    wildcards: gene=NDM
    resources: tmpdir=/var/folders/0l/xw463hyd355gswf5590vdd6c0000gr/T

[Wed Feb 22 11:45:46 2023]
Finished job 26.
11 of 12 steps (92%) done
Select jobs to execute...

[Wed Feb 22 11:45:46 2023]
localrule all:
    input: plots/CMY.pdf, plots/CTX-M.pdf, plots/GES.pdf, plots/IMP.pdf, plots/KPC.pdf, plots/NDM.pdf, plots/PER.pdf, plots/SHV.pdf, plots/TEM.pdf, plots/VEB.pdf, plots/VIM.pdf
    jobid: 0
    reason: Input files updated by another job: plots/TEM.pdf, plots/IMP.pdf, plots/CTX-M.pdf, plots/KPC.pdf, plots/CMY.pdf, plots/PER.pdf, plots/VEB.pdf, plots/SHV.pdf, plots/NDM.pdf, plots/GES.pdf, plots/VIM.pdf
    resources: tmpdir=/var/folders/0l/xw463hyd355gswf5590vdd6c0000gr/T

[Wed Feb 22 11:45:46 2023]
Finished job 0.
12 of 12 steps (100%) done
Complete log: .snakemake/log/2023-02-22T114527.793608.snakemake.log
